\BOOKMARK [0][]{section*.3}{List\040of\040Figures}{}% 1
\BOOKMARK [0][]{section*.5}{List\040of\040Tables}{}% 2
\BOOKMARK [0][]{chapter.1}{1\040Introduction}{}% 3
\BOOKMARK [1][]{section.1.1}{1.1\040Context}{chapter.1}% 4
\BOOKMARK [1][]{section.1.2}{1.2\040Objective}{chapter.1}% 5
\BOOKMARK [1][]{section.1.3}{1.3\040Research\040Question}{chapter.1}% 6
\BOOKMARK [1][]{section.1.4}{1.4\040Research\040Method}{chapter.1}% 7
\BOOKMARK [0][]{chapter.2}{2\040Technical\040backgrounds}{}% 8
\BOOKMARK [1][]{section.2.1}{2.1\040MPI\040and\040Spark\040implementation\040of\040SAGECal}{chapter.2}% 9
\BOOKMARK [1][]{section.2.2}{2.2\040System\040dependency}{chapter.2}% 10
\BOOKMARK [2][]{subsection.2.2.1}{2.2.1\040SLURM}{section.2.2}% 11
\BOOKMARK [2][]{subsection.2.2.2}{2.2.2\040Xenon}{section.2.2}% 12
\BOOKMARK [2][]{subsection.2.2.3}{2.2.3\040Shared\040file\040system}{section.2.2}% 13
\BOOKMARK [1][]{section.2.3}{2.3\040Traditional\040resource\040management\040strategies}{chapter.2}% 14
\BOOKMARK [2][]{subsection.2.3.1}{2.3.1\040Preemption\040based\040resource\040management\040systems}{section.2.3}% 15
\BOOKMARK [2][]{subsection.2.3.2}{2.3.2\040Backfill\040based\040resource\040management\040systems}{section.2.3}% 16
\BOOKMARK [1][]{section.2.4}{2.4\040Resource\040management\040strategies\040in\040research}{chapter.2}% 17
\BOOKMARK [2][]{subsection.2.4.1}{2.4.1\040Heuristics\040based\040resource\040management\040systems}{section.2.4}% 18
\BOOKMARK [2][]{subsection.2.4.2}{2.4.2\040Machine\040learning\040based\040resource\040management\040systems}{section.2.4}% 19
\BOOKMARK [0][]{chapter.3}{3\040Backfilling\040and\040scaling\040policy}{}% 20
\BOOKMARK [1][]{section.3.1}{3.1\040Backfill\040mechanism}{chapter.3}% 21
\BOOKMARK [1][]{section.3.2}{3.2\040An\040approach\040to\040maximize\040resource\040utilization}{chapter.3}% 22
\BOOKMARK [1][]{section.3.3}{3.3\040Scaling\040policy}{chapter.3}% 23
\BOOKMARK [2][]{subsection.3.3.1}{3.3.1\040Case\0401:\040RM\040harvest\040idle\040resources\040}{section.3.3}% 24
\BOOKMARK [2][]{subsection.3.3.2}{3.3.2\040Case\0402:\040RM\040give\040free\040resources}{section.3.3}% 25
\BOOKMARK [2][]{subsection.3.3.3}{3.3.3\040Case\0403:\040RM\040does\040not\040free\040resources\040}{section.3.3}% 26
\BOOKMARK [0][]{chapter.4}{4\040Architecture\040and\040implementation}{}% 27
\BOOKMARK [1][]{section.4.1}{4.1\040Overview\040design}{chapter.4}% 28
\BOOKMARK [1][]{section.4.2}{4.2\040Components}{chapter.4}% 29
\BOOKMARK [2][]{subsection.4.2.1}{4.2.1\040Resource\040manager}{section.4.2}% 30
\BOOKMARK [2][]{subsection.4.2.2}{4.2.2\040Service\040module}{section.4.2}% 31
\BOOKMARK [2][]{subsection.4.2.3}{4.2.3\040Executors}{section.4.2}% 32
\BOOKMARK [1][]{section.4.3}{4.3\040Implementation\040in\040detail}{chapter.4}% 33
\BOOKMARK [2][]{subsection.4.3.1}{4.3.1\040Actions\040of\040executors}{section.4.3}% 34
\BOOKMARK [2][]{subsection.4.3.2}{4.3.2\040Decision\040flow\040of\040scaling\040policy}{section.4.3}% 35
\BOOKMARK [2][]{subsection.4.3.3}{4.3.3\040Scaling\040up\040and\040down}{section.4.3}% 36
\BOOKMARK [2][]{subsection.4.3.4}{4.3.4\040Fault\040tolerance}{section.4.3}% 37
\BOOKMARK [0][]{chapter.5}{5\040Experiments,\040results\040and\040analysis\040}{}% 38
\BOOKMARK [1][]{section.5.1}{5.1\040SAGECal\040calibration\040use\040case}{chapter.5}% 39
\BOOKMARK [1][]{section.5.2}{5.2\040Distributed\040parallel\040computation}{chapter.5}% 40
\BOOKMARK [1][]{section.5.3}{5.3\040Resource\040utilization\040optimization}{chapter.5}% 41
\BOOKMARK [2][]{subsection.5.3.1}{5.3.1\040Simulation\040settings}{section.5.3}% 42
\BOOKMARK [2][]{subsection.5.3.2}{5.3.2\040Scenario\0401:\040Not\040heavily\040loaded\040cluster\040}{section.5.3}% 43
\BOOKMARK [2][]{subsection.5.3.3}{5.3.3\040Scenario\0402:\040Heavily\040loaded\040cluster}{section.5.3}% 44
\BOOKMARK [0][]{chapter.6}{6\040Discussions}{}% 45
\BOOKMARK [0][]{chapter.7}{7\040Conclusion}{}% 46
\BOOKMARK [0][]{chapter.8}{8\040Appendix}{}% 47
\BOOKMARK [1][]{section.8.1}{8.1\040Algoritms}{chapter.8}% 48
\BOOKMARK [1][]{section.8.2}{8.2\040SubmitLists}{chapter.8}% 49
\BOOKMARK [2][]{subsection.8.2.1}{8.2.1\040Submit\040list\0401}{section.8.2}% 50
\BOOKMARK [2][]{subsection.8.2.2}{8.2.2\040Submit\040list\0402}{section.8.2}% 51
\BOOKMARK [1][]{section.8.3}{8.3\040Terminology\040table}{chapter.8}% 52
\BOOKMARK [0][]{section*.9}{References}{}% 53
